<?xml version="1.0" encoding="UTF-8"?>
<!-- Generated by org.testng.reporters.JUnitReportReporter -->
<testsuite skipped="0" hostname="WIN-GEDESCREUP8" name="RunnerPackage.TestRunner" tests="2" failures="0" timestamp="06 Mar 2018 01:52:23 GMT" time="20.134" errors="0">
  <testcase name="runScenario" time="8.837" classname="RunnerPackage.TestRunner"/>
  <testcase name="runScenario" time="11.297" classname="RunnerPackage.TestRunner"/>
</testsuite> <!-- RunnerPackage.TestRunner -->
